EDA Netlist Writer report for Seven_Segment_Display
Fri May 22 01:57:26 2020
Quartus Prime Version 19.1.0 Build 670 09/22/2019 Patches 0.02std SJ Lite Edition


---------------------
; Table of Contents ;
---------------------
  1. Legal Notice
  2. EDA Netlist Writer Summary
  3. Simulation Settings
  4. Simulation Generated Files
  5. EDA Netlist Writer Messages



----------------
; Legal Notice ;
----------------
Copyright (C) 2019  Intel Corporation. All rights reserved.
Your use of Intel Corporation's design tools, logic functions 
and other software and tools, and any partner logic 
functions, and any output files from any of the foregoing 
(including device programming or simulation files), and any 
associated documentation or information are expressly subject 
to the terms and conditions of the Intel Program License 
Subscription Agreement, the Intel Quartus Prime License Agreement,
the Intel FPGA IP License Agreement, or other applicable license
agreement, including, without limitation, that your use is for
the sole purpose of programming logic devices manufactured by
Intel and sold by Intel or its authorized distributors.  Please
refer to the applicable agreement for further details, at
https://fpgasoftware.intel.com/eula.



+-------------------------------------------------------------------+
; EDA Netlist Writer Summary                                        ;
+---------------------------+---------------------------------------+
; EDA Netlist Writer Status ; Successful - Fri May 22 01:57:26 2020 ;
; Revision Name             ; Seven_Segment_Display                 ;
; Top-level Entity Name     ; Seven_Segment_Display                 ;
; Family                    ; Cyclone IV E                          ;
; Simulation Files Creation ; Successful                            ;
+---------------------------+---------------------------------------+


+----------------------------------------------------------------------------------------------------------------------------+
; Simulation Settings                                                                                                        ;
+---------------------------------------------------------------------------------------------------+------------------------+
; Option                                                                                            ; Setting                ;
+---------------------------------------------------------------------------------------------------+------------------------+
; Tool Name                                                                                         ; ModelSim-Altera (VHDL) ;
; Generate functional simulation netlist                                                            ; Off                    ;
; Time scale                                                                                        ; 1 ps                   ;
; Truncate long hierarchy paths                                                                     ; Off                    ;
; Map illegal HDL characters                                                                        ; Off                    ;
; Flatten buses into individual nodes                                                               ; Off                    ;
; Maintain hierarchy                                                                                ; Off                    ;
; Bring out device-wide set/reset signals as ports                                                  ; Off                    ;
; Enable glitch filtering                                                                           ; Off                    ;
; Do not write top level VHDL entity                                                                ; Off                    ;
; Disable detection of setup and hold time violations in the input registers of bi-directional pins ; Off                    ;
; Architecture name in VHDL output netlist                                                          ; structure              ;
; Generate third-party EDA tool command script for RTL functional simulation                        ; Off                    ;
; Generate third-party EDA tool command script for gate-level simulation                            ; Off                    ;
+---------------------------------------------------------------------------------------------------+------------------------+


+------------------------------------------------------------------------------------------------------------------------+
; Simulation Generated Files                                                                                             ;
+------------------------------------------------------------------------------------------------------------------------+
; Generated Files                                                                                                        ;
+------------------------------------------------------------------------------------------------------------------------+
; C:/Users/ajayb/QuartusProjects/Seven_Segment_Display/simulation/qsim//Seven_Segment_Display_6_1200mv_85c_slow.vho      ;
; C:/Users/ajayb/QuartusProjects/Seven_Segment_Display/simulation/qsim//Seven_Segment_Display_6_1200mv_0c_slow.vho       ;
; C:/Users/ajayb/QuartusProjects/Seven_Segment_Display/simulation/qsim//Seven_Segment_Display_min_1200mv_0c_fast.vho     ;
; C:/Users/ajayb/QuartusProjects/Seven_Segment_Display/simulation/qsim//Seven_Segment_Display.vho                        ;
; C:/Users/ajayb/QuartusProjects/Seven_Segment_Display/simulation/qsim//Seven_Segment_Display_6_1200mv_85c_vhd_slow.sdo  ;
; C:/Users/ajayb/QuartusProjects/Seven_Segment_Display/simulation/qsim//Seven_Segment_Display_6_1200mv_0c_vhd_slow.sdo   ;
; C:/Users/ajayb/QuartusProjects/Seven_Segment_Display/simulation/qsim//Seven_Segment_Display_min_1200mv_0c_vhd_fast.sdo ;
; C:/Users/ajayb/QuartusProjects/Seven_Segment_Display/simulation/qsim//Seven_Segment_Display_vhd.sdo                    ;
+------------------------------------------------------------------------------------------------------------------------+


+-----------------------------+
; EDA Netlist Writer Messages ;
+-----------------------------+
Info: *******************************************************************
Info: Running Quartus Prime EDA Netlist Writer
    Info: Version 19.1.0 Build 670 09/22/2019 Patches 0.02std SJ Lite Edition
    Info: Copyright (C) 2019  Intel Corporation. All rights reserved.
    Info: Your use of Intel Corporation's design tools, logic functions 
    Info: and other software and tools, and any partner logic 
    Info: functions, and any output files from any of the foregoing 
    Info: (including device programming or simulation files), and any 
    Info: associated documentation or information are expressly subject 
    Info: to the terms and conditions of the Intel Program License 
    Info: Subscription Agreement, the Intel Quartus Prime License Agreement,
    Info: the Intel FPGA IP License Agreement, or other applicable license
    Info: agreement, including, without limitation, that your use is for
    Info: the sole purpose of programming logic devices manufactured by
    Info: Intel and sold by Intel or its authorized distributors.  Please
    Info: refer to the applicable agreement for further details, at
    Info: https://fpgasoftware.intel.com/eula.
    Info: Processing started: Fri May 22 01:57:25 2020
Info: Command: quartus_eda --write_settings_files=off --simulation=on --functional=off --flatten_buses=off --timescale=1ps --tool=modelsim_oem --format=vhdl --output_directory=C:/Users/ajayb/QuartusProjects/Seven_Segment_Display/simulation/qsim/ Seven_Segment_Display -c Seven_Segment_Display
Warning (18236): Number of processors has not been specified which may cause overloading on shared machines.  Set the global assignment NUM_PARALLEL_PROCESSORS in your QSF to an appropriate value for best performance.
Info (204019): Generated file Seven_Segment_Display_6_1200mv_85c_slow.vho in folder "C:/Users/ajayb/QuartusProjects/Seven_Segment_Display/simulation/qsim//" for EDA simulation tool
Info (204019): Generated file Seven_Segment_Display_6_1200mv_0c_slow.vho in folder "C:/Users/ajayb/QuartusProjects/Seven_Segment_Display/simulation/qsim//" for EDA simulation tool
Info (204019): Generated file Seven_Segment_Display_min_1200mv_0c_fast.vho in folder "C:/Users/ajayb/QuartusProjects/Seven_Segment_Display/simulation/qsim//" for EDA simulation tool
Info (204019): Generated file Seven_Segment_Display.vho in folder "C:/Users/ajayb/QuartusProjects/Seven_Segment_Display/simulation/qsim//" for EDA simulation tool
Info (204019): Generated file Seven_Segment_Display_6_1200mv_85c_vhd_slow.sdo in folder "C:/Users/ajayb/QuartusProjects/Seven_Segment_Display/simulation/qsim//" for EDA simulation tool
Info (204019): Generated file Seven_Segment_Display_6_1200mv_0c_vhd_slow.sdo in folder "C:/Users/ajayb/QuartusProjects/Seven_Segment_Display/simulation/qsim//" for EDA simulation tool
Info (204019): Generated file Seven_Segment_Display_min_1200mv_0c_vhd_fast.sdo in folder "C:/Users/ajayb/QuartusProjects/Seven_Segment_Display/simulation/qsim//" for EDA simulation tool
Info (204019): Generated file Seven_Segment_Display_vhd.sdo in folder "C:/Users/ajayb/QuartusProjects/Seven_Segment_Display/simulation/qsim//" for EDA simulation tool
Info: Quartus Prime EDA Netlist Writer was successful. 0 errors, 1 warning
    Info: Peak virtual memory: 4665 megabytes
    Info: Processing ended: Fri May 22 01:57:26 2020
    Info: Elapsed time: 00:00:01
    Info: Total CPU time (on all processors): 00:00:01


