Flow report for Seven_Segment_Display
Fri May 22 01:57:26 2020
Quartus Prime Version 19.1.0 Build 670 09/22/2019 Patches 0.02std SJ Lite Edition


---------------------
; Table of Contents ;
---------------------
  1. Legal Notice
  2. Flow Summary
  3. Flow Settings
  4. Flow Non-Default Global Settings
  5. Flow Elapsed Time
  6. Flow OS Summary
  7. Flow Log
  8. Flow Messages
  9. Flow Suppressed Messages



----------------
; Legal Notice ;
----------------
Copyright (C) 2019  Intel Corporation. All rights reserved.
Your use of Intel Corporation's design tools, logic functions 
and other software and tools, and any partner logic 
functions, and any output files from any of the foregoing 
(including device programming or simulation files), and any 
associated documentation or information are expressly subject 
to the terms and conditions of the Intel Program License 
Subscription Agreement, the Intel Quartus Prime License Agreement,
the Intel FPGA IP License Agreement, or other applicable license
agreement, including, without limitation, that your use is for
the sole purpose of programming logic devices manufactured by
Intel and sold by Intel or its authorized distributors.  Please
refer to the applicable agreement for further details, at
https://fpgasoftware.intel.com/eula.



+--------------------------------------------------------------------------------------------------+
; Flow Summary                                                                                     ;
+------------------------------------+-------------------------------------------------------------+
; Flow Status                        ; Successful - Fri May 22 01:57:26 2020                       ;
; Quartus Prime Version              ; 19.1.0 Build 670 09/22/2019 Patches 0.02std SJ Lite Edition ;
; Revision Name                      ; Seven_Segment_Display                                       ;
; Top-level Entity Name              ; Seven_Segment_Display                                       ;
; Family                             ; Cyclone IV E                                                ;
; Device                             ; EP4CE22F17C6                                                ;
; Timing Models                      ; Final                                                       ;
; Total logic elements               ; 7 / 22,320 ( < 1 % )                                        ;
;     Total combinational functions  ; 7 / 22,320 ( < 1 % )                                        ;
;     Dedicated logic registers      ; 0 / 22,320 ( 0 % )                                          ;
; Total registers                    ; 0                                                           ;
; Total pins                         ; 11 / 154 ( 7 % )                                            ;
; Total virtual pins                 ; 0                                                           ;
; Total memory bits                  ; 0 / 608,256 ( 0 % )                                         ;
; Embedded Multiplier 9-bit elements ; 0 / 132 ( 0 % )                                             ;
; Total PLLs                         ; 0 / 4 ( 0 % )                                               ;
+------------------------------------+-------------------------------------------------------------+


+-------------------------------------------+
; Flow Settings                             ;
+-------------------+-----------------------+
; Option            ; Setting               ;
+-------------------+-----------------------+
; Start date & time ; 05/22/2020 01:56:16   ;
; Main task         ; Compilation           ;
; Revision Name     ; Seven_Segment_Display ;
+-------------------+-----------------------+


+-------------------------------------------------------------------------------------------------------------------------------------------------+
; Flow Non-Default Global Settings                                                                                                                ;
+--------------------------------------+----------------------------------------+---------------+-------------+-----------------------------------+
; Assignment Name                      ; Value                                  ; Default Value ; Entity Name ; Section Id                        ;
+--------------------------------------+----------------------------------------+---------------+-------------+-----------------------------------+
; COMPILER_SIGNATURE_ID                ; 168202116298916.159009277612176        ; --            ; --          ; --                                ;
; EDA_DESIGN_INSTANCE_NAME             ; NA                                     ; --            ; --          ; TEST                              ;
; EDA_GENERATE_FUNCTIONAL_NETLIST      ; Off                                    ; --            ; --          ; eda_board_design_timing           ;
; EDA_GENERATE_FUNCTIONAL_NETLIST      ; Off                                    ; --            ; --          ; eda_board_design_boundary_scan    ;
; EDA_GENERATE_FUNCTIONAL_NETLIST      ; Off                                    ; --            ; --          ; eda_board_design_signal_integrity ;
; EDA_GENERATE_FUNCTIONAL_NETLIST      ; Off                                    ; --            ; --          ; eda_board_design_symbol           ;
; EDA_NATIVELINK_SIMULATION_TEST_BENCH ; TEST                                   ; --            ; --          ; eda_simulation                    ;
; EDA_OUTPUT_DATA_FORMAT               ; Vhdl                                   ; --            ; --          ; eda_simulation                    ;
; EDA_SIMULATION_TOOL                  ; ModelSim-Altera (VHDL)                 ; <None>        ; --          ; --                                ;
; EDA_TEST_BENCH_ENABLE_STATUS         ; TEST_BENCH_MODE                        ; --            ; --          ; eda_simulation                    ;
; EDA_TEST_BENCH_FILE                  ; Seven_Segment_Display_TB.vhd           ; --            ; --          ; TEST                              ;
; EDA_TEST_BENCH_MODULE_NAME           ; TEST                                   ; --            ; --          ; TEST                              ;
; EDA_TEST_BENCH_NAME                  ; TEST                                   ; --            ; --          ; eda_simulation                    ;
; EDA_TIME_SCALE                       ; 1 ps                                   ; --            ; --          ; eda_simulation                    ;
; MAX_CORE_JUNCTION_TEMP               ; 85                                     ; --            ; --          ; --                                ;
; MIN_CORE_JUNCTION_TEMP               ; 0                                      ; --            ; --          ; --                                ;
; NOMINAL_CORE_SUPPLY_VOLTAGE          ; 1.2V                                   ; --            ; --          ; --                                ;
; PARTITION_COLOR                      ; -- (Not supported for targeted family) ; --            ; --          ; Top                               ;
; PARTITION_FITTER_PRESERVATION_LEVEL  ; -- (Not supported for targeted family) ; --            ; --          ; Top                               ;
; PARTITION_NETLIST_TYPE               ; -- (Not supported for targeted family) ; --            ; --          ; Top                               ;
; POWER_BOARD_THERMAL_MODEL            ; None (CONSERVATIVE)                    ; --            ; --          ; --                                ;
; POWER_PRESET_COOLING_SOLUTION        ; 23 MM HEAT SINK WITH 200 LFPM AIRFLOW  ; --            ; --          ; --                                ;
; PROJECT_OUTPUT_DIRECTORY             ; output_files                           ; --            ; --          ; --                                ;
+--------------------------------------+----------------------------------------+---------------+-------------+-----------------------------------+


+--------------------------------------------------------------------------------------------------------------------------+
; Flow Elapsed Time                                                                                                        ;
+----------------------+--------------+-------------------------+---------------------+------------------------------------+
; Module Name          ; Elapsed Time ; Average Processors Used ; Peak Virtual Memory ; Total CPU Time (on all processors) ;
+----------------------+--------------+-------------------------+---------------------+------------------------------------+
; Analysis & Synthesis ; 00:00:10     ; 1.0                     ; 4804 MB             ; 00:00:23                           ;
; Fitter               ; 00:00:05     ; 1.0                     ; 5538 MB             ; 00:00:06                           ;
; Assembler            ; 00:00:01     ; 1.0                     ; 4703 MB             ; 00:00:01                           ;
; Timing Analyzer      ; 00:00:02     ; 1.0                     ; 4805 MB             ; 00:00:02                           ;
; EDA Netlist Writer   ; 00:00:01     ; 1.0                     ; 4660 MB             ; 00:00:01                           ;
; EDA Netlist Writer   ; 00:00:00     ; 1.0                     ; 4649 MB             ; 00:00:00                           ;
; EDA Netlist Writer   ; 00:00:01     ; 1.0                     ; 4665 MB             ; 00:00:01                           ;
; Total                ; 00:00:20     ; --                      ; --                  ; 00:00:34                           ;
+----------------------+--------------+-------------------------+---------------------+------------------------------------+


+------------------------------------------------------------------------------------+
; Flow OS Summary                                                                    ;
+----------------------+------------------+------------+------------+----------------+
; Module Name          ; Machine Hostname ; OS Name    ; OS Version ; Processor type ;
+----------------------+------------------+------------+------------+----------------+
; Analysis & Synthesis ; LAPTOP-KNC7NBG4  ; Windows 10 ; 10.0       ; x86_64         ;
; Fitter               ; LAPTOP-KNC7NBG4  ; Windows 10 ; 10.0       ; x86_64         ;
; Assembler            ; LAPTOP-KNC7NBG4  ; Windows 10 ; 10.0       ; x86_64         ;
; Timing Analyzer      ; LAPTOP-KNC7NBG4  ; Windows 10 ; 10.0       ; x86_64         ;
; EDA Netlist Writer   ; LAPTOP-KNC7NBG4  ; Windows 10 ; 10.0       ; x86_64         ;
; EDA Netlist Writer   ; LAPTOP-KNC7NBG4  ; Windows 10 ; 10.0       ; x86_64         ;
; EDA Netlist Writer   ; LAPTOP-KNC7NBG4  ; Windows 10 ; 10.0       ; x86_64         ;
+----------------------+------------------+------------+------------+----------------+


------------
; Flow Log ;
------------
quartus_map --read_settings_files=on --write_settings_files=off Seven_Segment_Display -c Seven_Segment_Display
quartus_fit --read_settings_files=off --write_settings_files=off Seven_Segment_Display -c Seven_Segment_Display
quartus_asm --read_settings_files=off --write_settings_files=off Seven_Segment_Display -c Seven_Segment_Display
quartus_sta Seven_Segment_Display -c Seven_Segment_Display
quartus_eda --read_settings_files=off --write_settings_files=off Seven_Segment_Display -c Seven_Segment_Display
quartus_eda --gen_testbench --tool=modelsim_oem --format=vhdl --write_settings_files=off Seven_Segment_Display -c Seven_Segment_Display --vector_source=C:/Users/ajayb/QuartusProjects/Seven_Segment_Display/Waveform.vwf --testbench_file=C:/Users/ajayb/QuartusProjects/Seven_Segment_Display/simulation/qsim/Waveform.vwf.vht
quartus_eda --write_settings_files=off --simulation=on --functional=off --flatten_buses=off --timescale=1ps --tool=modelsim_oem --format=vhdl --output_directory=C:/Users/ajayb/QuartusProjects/Seven_Segment_Display/simulation/qsim/ Seven_Segment_Display -c Seven_Segment_Display



